0 info it worked if it ends with ok
1 verbose cli [ '/usr/local/bin/node',
1 verbose cli   '/usr/local/bin/npm',
1 verbose cli   'install',
1 verbose cli   '-g',
1 verbose cli   'gulp' ]
2 info using npm@2.14.7
3 info using node@v4.2.2
4 verbose install initial load of /usr/local/lib/package.json
5 verbose readDependencies loading dependencies from /usr/local/lib/package.json
6 silly cache add args [ 'gulp', null ]
7 verbose cache add spec gulp
8 silly cache add parsed spec Result {
8 silly cache add   raw: 'gulp',
8 silly cache add   scope: null,
8 silly cache add   name: 'gulp',
8 silly cache add   rawSpec: '',
8 silly cache add   spec: '*',
8 silly cache add   type: 'range' }
9 silly addNamed gulp@*
10 verbose addNamed "*" is a valid semver range for gulp
11 silly addNameRange { name: 'gulp', range: '*', hasData: false }
12 silly mapToRegistry name gulp
13 silly mapToRegistry using default registry
14 silly mapToRegistry registry https://registry.npmjs.org/
15 silly mapToRegistry uri https://registry.npmjs.org/gulp
16 verbose addNameRange registry:https://registry.npmjs.org/gulp not in flight; fetching
17 verbose request uri https://registry.npmjs.org/gulp
18 verbose request no auth needed
19 info attempt registry request try #1 at 4:17:31 PM
20 verbose request id 1db22be016f0a1b3
21 verbose etag "7A2GP8QHRF9DZDKTKWEX7KHJ8"
22 http request GET https://registry.npmjs.org/gulp
23 http 304 https://registry.npmjs.org/gulp
24 verbose headers { date: 'Sat, 21 Nov 2015 09:17:32 GMT',
24 verbose headers   via: '1.1 varnish',
24 verbose headers   'cache-control': 'max-age=60',
24 verbose headers   etag: '"7A2GP8QHRF9DZDKTKWEX7KHJ8"',
24 verbose headers   age: '0',
24 verbose headers   connection: 'keep-alive',
24 verbose headers   'x-served-by': 'cache-sin6924-SIN',
24 verbose headers   'x-cache': 'HIT',
24 verbose headers   'x-cache-hits': '1',
24 verbose headers   'x-timer': 'S1448097452.092555,VS0,VE242',
24 verbose headers   vary: 'Accept' }
25 silly get cb [ 304,
25 silly get   { date: 'Sat, 21 Nov 2015 09:17:32 GMT',
25 silly get     via: '1.1 varnish',
25 silly get     'cache-control': 'max-age=60',
25 silly get     etag: '"7A2GP8QHRF9DZDKTKWEX7KHJ8"',
25 silly get     age: '0',
25 silly get     connection: 'keep-alive',
25 silly get     'x-served-by': 'cache-sin6924-SIN',
25 silly get     'x-cache': 'HIT',
25 silly get     'x-cache-hits': '1',
25 silly get     'x-timer': 'S1448097452.092555,VS0,VE242',
25 silly get     vary: 'Accept' } ]
26 verbose etag https://registry.npmjs.org/gulp from cache
27 verbose get saving gulp to /Users/tony/.npm/registry.npmjs.org/gulp/.cache.json
28 silly addNameRange number 2 { name: 'gulp', range: '*', hasData: true }
29 silly addNameRange versions [ 'gulp',
29 silly addNameRange   [ '0.0.1',
29 silly addNameRange     '0.0.2',
29 silly addNameRange     '0.0.3',
29 silly addNameRange     '0.0.4',
29 silly addNameRange     '0.0.5',
29 silly addNameRange     '0.0.7',
29 silly addNameRange     '0.0.8',
29 silly addNameRange     '0.0.9',
29 silly addNameRange     '0.1.0',
29 silly addNameRange     '0.2.0',
29 silly addNameRange     '1.0.0',
29 silly addNameRange     '1.1.0',
29 silly addNameRange     '1.2.0',
29 silly addNameRange     '1.2.1',
29 silly addNameRange     '2.0.0',
29 silly addNameRange     '2.0.1',
29 silly addNameRange     '2.1.0',
29 silly addNameRange     '2.2.0',
29 silly addNameRange     '2.3.0',
29 silly addNameRange     '2.4.0',
29 silly addNameRange     '2.4.1',
29 silly addNameRange     '2.6.0',
29 silly addNameRange     '2.6.1',
29 silly addNameRange     '2.7.0',
29 silly addNameRange     '3.0.0',
29 silly addNameRange     '3.1.1',
29 silly addNameRange     '3.1.2',
29 silly addNameRange     '3.1.3',
29 silly addNameRange     '3.1.4',
29 silly addNameRange     '3.2.0',
29 silly addNameRange     '3.2.1',
29 silly addNameRange     '3.2.2',
29 silly addNameRange     '3.2.3',
29 silly addNameRange     '3.2.4',
29 silly addNameRange     '3.2.5',
29 silly addNameRange     '3.3.0',
29 silly addNameRange     '3.3.1',
29 silly addNameRange     '3.3.2',
29 silly addNameRange     '3.3.4',
29 silly addNameRange     '3.4.0',
29 silly addNameRange     '3.5.0',
29 silly addNameRange     '3.5.1',
29 silly addNameRange     '3.5.2',
29 silly addNameRange     '3.5.5',
29 silly addNameRange     '3.5.6',
29 silly addNameRange     '3.6.0',
29 silly addNameRange     '3.6.1',
29 silly addNameRange     '3.6.2',
29 silly addNameRange     '3.7.0',
29 silly addNameRange     '3.8.0',
29 silly addNameRange     '3.8.1',
29 silly addNameRange     '3.8.2',
29 silly addNameRange     '3.8.3',
29 silly addNameRange     '3.8.4',
29 silly addNameRange     '3.8.5',
29 silly addNameRange     '3.8.6',
29 silly addNameRange     '3.8.7',
29 silly addNameRange     '3.8.8',
29 silly addNameRange     '3.8.9',
29 silly addNameRange     '3.8.10',
29 silly addNameRange     '3.8.11',
29 silly addNameRange     '3.9.0' ] ]
30 silly addNamed gulp@3.9.0
31 verbose addNamed "3.9.0" is a plain semver version for gulp
32 silly cache afterAdd gulp@3.9.0
33 verbose afterAdd /Users/tony/.npm/gulp/3.9.0/package/package.json not in flight; writing
34 verbose afterAdd /Users/tony/.npm/gulp/3.9.0/package/package.json written
35 silly install resolved [ { name: 'gulp',
35 silly install resolved     description: 'The streaming build system',
35 silly install resolved     version: '3.9.0',
35 silly install resolved     homepage: 'http://gulpjs.com',
35 silly install resolved     repository: { type: 'git', url: 'git+https://github.com/gulpjs/gulp.git' },
35 silly install resolved     author:
35 silly install resolved      { name: 'Fractal',
35 silly install resolved        email: 'contact@wearefractal.com',
35 silly install resolved        url: 'http://wearefractal.com/' },
35 silly install resolved     tags: [ 'build', 'stream', 'system', 'make', 'tool', 'asset', 'pipeline' ],
35 silly install resolved     files: [ 'index.js', 'lib', 'bin', 'completion' ],
35 silly install resolved     bin: { gulp: './bin/gulp.js' },
35 silly install resolved     man: [ 'gulp.1' ],
35 silly install resolved     dependencies:
35 silly install resolved      { archy: '^1.0.0',
35 silly install resolved        chalk: '^1.0.0',
35 silly install resolved        deprecated: '^0.0.1',
35 silly install resolved        'gulp-util': '^3.0.0',
35 silly install resolved        interpret: '^0.6.2',
35 silly install resolved        liftoff: '^2.1.0',
35 silly install resolved        minimist: '^1.1.0',
35 silly install resolved        orchestrator: '^0.3.0',
35 silly install resolved        'pretty-hrtime': '^1.0.0',
35 silly install resolved        semver: '^4.1.0',
35 silly install resolved        tildify: '^1.0.0',
35 silly install resolved        v8flags: '^2.0.2',
35 silly install resolved        'vinyl-fs': '^0.3.0' },
35 silly install resolved     devDependencies:
35 silly install resolved      { coveralls: '^2.7.0',
35 silly install resolved        'graceful-fs': '^3.0.0',
35 silly install resolved        istanbul: '^0.3.0',
35 silly install resolved        jscs: '~1.12.0',
35 silly install resolved        jshint: '^2.5.0',
35 silly install resolved        'jshint-stylish': '^1.0.0',
35 silly install resolved        'marked-man': '^0.1.3',
35 silly install resolved        mkdirp: '^0.5.0',
35 silly install resolved        mocha: '^2.0.1',
35 silly install resolved        'mocha-lcov-reporter': '^0.0.1',
35 silly install resolved        q: '^1.0.0',
35 silly install resolved        rimraf: '^2.2.5',
35 silly install resolved        should: '^5.0.1' },
35 silly install resolved     scripts:
35 silly install resolved      { prepublish: 'marked-man --name gulp docs/CLI.md > gulp.1',
35 silly install resolved        lint: 'jshint lib bin test index.js --reporter node_modules/jshint-stylish/stylish.js --exclude node_modules && jscs lib bin test index.js',
35 silly install resolved        test: 'npm run-script lint && mocha --reporter spec',
35 silly install resolved        coveralls: 'istanbul cover _mocha --report lcovonly -- -R spec && cat ./coverage/lcov.info | coveralls && rm -rf ./coverage' },
35 silly install resolved     engines: { node: '>= 0.9' },
35 silly install resolved     license: 'MIT',
35 silly install resolved     gitHead: '657213a52d5e9c19b85df6a42f76341a98c08ae8',
35 silly install resolved     bugs: { url: 'https://github.com/gulpjs/gulp/issues' },
35 silly install resolved     _id: 'gulp@3.9.0',
35 silly install resolved     _shasum: 'cf1fba4cb558bb8c6ae6c9613f583ae2620d214a',
35 silly install resolved     _from: 'gulp@*',
35 silly install resolved     _npmVersion: '2.8.3',
35 silly install resolved     _nodeVersion: '0.10.36',
35 silly install resolved     _npmUser: { name: 'phated', email: 'blaine@iceddev.com' },
35 silly install resolved     maintainers: [ [Object], [Object] ],
35 silly install resolved     dist:
35 silly install resolved      { shasum: 'cf1fba4cb558bb8c6ae6c9613f583ae2620d214a',
35 silly install resolved        tarball: 'http://registry.npmjs.org/gulp/-/gulp-3.9.0.tgz' },
35 silly install resolved     directories: {},
35 silly install resolved     _resolved: 'https://registry.npmjs.org/gulp/-/gulp-3.9.0.tgz',
35 silly install resolved     readme: 'ERROR: No README data found!' } ]
36 info install gulp@3.9.0 into /usr/local/lib
37 info installOne gulp@3.9.0
38 verbose installOne of gulp to /usr/local/lib not in flight; installing
39 verbose lock using /Users/tony/.npm/_locks/gulp-709d00e5d169ceb3.lock for /usr/local/lib/node_modules/gulp
40 silly install write writing gulp 3.9.0 to /usr/local/lib/node_modules/gulp
41 verbose unbuild lib/node_modules/gulp
42 info preuninstall gulp@3.9.0
43 info uninstall gulp@3.9.0
44 verbose unbuild rmStuff gulp@3.9.0 from /usr/local/lib/node_modules
45 silly gentlyRm /usr/local/bin/gulp is being gently removed
46 silly gentlyRm verifying /usr/local is an npm working directory
47 verbose rmMans man files are [ 'gulp.1' ] in /usr/local/share/man
48 silly rmMan preparing to remove gulp.1
49 silly gentlyRm /usr/local/share/man/man1/gulp.1.1 is being gently removed
50 silly gentlyRm verifying /usr/local is an npm working directory
51 silly gentlyRm containing path /usr/local is under npm's control, in /usr/local
52 silly gentlyRm deletion target /usr/local/bin/gulp is under /usr/local
53 verbose gentlyRm vacuuming from /usr/local/bin/gulp up to /usr/local
54 silly gentlyRm containing path /usr/local is under npm's control, in /usr/local
55 silly gentlyRm deletion target /usr/local/share/man/man1/gulp.1.1 is under /usr/local
56 verbose gentlyRm vacuuming from /usr/local/share/man/man1/gulp.1.1 up to /usr/local
57 silly vacuum-fs removing /usr/local/bin/gulp
58 silly vacuum-fs quitting because other entries in /usr/local/bin
59 info postuninstall gulp@3.9.0
60 silly gentlyRm /usr/local/lib/node_modules/gulp is being purged from base /usr/local
61 verbose gentlyRm don't care about contents; nuking /usr/local/lib/node_modules/gulp
62 silly vacuum-fs purging /usr/local/lib/node_modules/gulp
63 verbose unlock done using /Users/tony/.npm/_locks/gulp-709d00e5d169ceb3.lock for /usr/local/lib/node_modules/gulp
64 verbose stack Error: EACCES: permission denied, rmdir '/usr/local/lib/node_modules/gulp'
64 verbose stack     at Error (native)
65 verbose cwd /Users/tony/Sites/wordplate
66 error Darwin 15.0.0
67 error argv "/usr/local/bin/node" "/usr/local/bin/npm" "install" "-g" "gulp"
68 error node v4.2.2
69 error npm  v2.14.7
70 error path /usr/local/lib/node_modules/gulp
71 error code EACCES
72 error errno -13
73 error syscall rmdir
74 error Error: EACCES: permission denied, rmdir '/usr/local/lib/node_modules/gulp'
74 error     at Error (native)
74 error  { [Error: EACCES: permission denied, rmdir '/usr/local/lib/node_modules/gulp']
74 error   errno: -13,
74 error   code: 'EACCES',
74 error   syscall: 'rmdir',
74 error   path: '/usr/local/lib/node_modules/gulp' }
75 error Please try running this command again as root/Administrator.
76 verbose exit [ -13, true ]
77 verbose unbuild lib/node_modules/gulp
78 info preuninstall gulp@3.9.0
79 info uninstall gulp@3.9.0
80 verbose unbuild rmStuff gulp@3.9.0 from /usr/local/lib/node_modules
81 silly gentlyRm /usr/local/bin/gulp is being gently removed
82 silly gentlyRm verifying /usr/local is an npm working directory
83 verbose rmMans man files are [ 'gulp.1' ] in /usr/local/share/man
84 silly rmMan preparing to remove gulp.1
85 silly gentlyRm /usr/local/share/man/man1/gulp.1.1 is being gently removed
86 silly gentlyRm verifying /usr/local is an npm working directory
87 silly gentlyRm containing path /usr/local is under npm's control, in /usr/local
88 silly gentlyRm deletion target /usr/local/bin/gulp is under /usr/local
89 verbose gentlyRm vacuuming from /usr/local/bin/gulp up to /usr/local
90 silly gentlyRm containing path /usr/local is under npm's control, in /usr/local
91 silly gentlyRm deletion target /usr/local/share/man/man1/gulp.1.1 is under /usr/local
92 verbose gentlyRm vacuuming from /usr/local/share/man/man1/gulp.1.1 up to /usr/local
93 info postuninstall gulp@3.9.0
94 silly gentlyRm /usr/local/lib/node_modules/gulp is being purged from base /usr/local
95 verbose gentlyRm don't care about contents; nuking /usr/local/lib/node_modules/gulp
96 silly vacuum-fs purging /usr/local/lib/node_modules/gulp
97 error error rolling back Error: EACCES: permission denied, rmdir '/usr/local/lib/node_modules/gulp'
97 error error rolling back     at Error (native)
97 error error rolling back  { [Error: EACCES: permission denied, rmdir '/usr/local/lib/node_modules/gulp']
97 error error rolling back   errno: -13,
97 error error rolling back   code: 'EACCES',
97 error error rolling back   syscall: 'rmdir',
97 error error rolling back   path: '/usr/local/lib/node_modules/gulp' }
